2017/11/23 15:22:04 [error] [exception.CHttpException.404] CHttpException: The system is unable to find the requested action "index.php". in /var/www/html/mbp/vendor/square1-io/yii-framework/web/CController.php:483
Stack trace:
#0 /var/www/html/mbp/vendor/square1-io/yii-framework/web/CController.php(270): CController->missingAction('index.php')
#1 /var/www/html/mbp/vendor/square1-io/yii-framework/web/CWebApplication.php(282): CController->run('index.php')
#2 /var/www/html/mbp/vendor/square1-io/yii-framework/web/CWebApplication.php(141): CWebApplication->runController('site/index.php')
#3 /var/www/html/mbp/vendor/square1-io/yii-framework/base/CApplication.php(180): CWebApplication->processRequest()
#4 /var/www/html/mbp/index.php(13): CApplication->run()
#5 {main}
REQUEST_URI=/mbp/index.php/site/index.php
---
2017/11/23 15:25:58 [error] [exception.CHttpException.404] CHttpException: The system is unable to find the requested action "index.php". in /var/www/html/mbp/vendor/square1-io/yii-framework/web/CController.php:483
Stack trace:
#0 /var/www/html/mbp/vendor/square1-io/yii-framework/web/CController.php(270): CController->missingAction('index.php')
#1 /var/www/html/mbp/vendor/square1-io/yii-framework/web/CWebApplication.php(282): CController->run('index.php')
#2 /var/www/html/mbp/vendor/square1-io/yii-framework/web/CWebApplication.php(141): CWebApplication->runController('site/index.php')
#3 /var/www/html/mbp/vendor/square1-io/yii-framework/base/CApplication.php(180): CWebApplication->processRequest()
#4 /var/www/html/mbp/index.php(13): CApplication->run()
#5 {main}
REQUEST_URI=/mbp/index.php/site/index.php
---
2017/11/23 15:28:26 [error] [exception.CHttpException.404] CHttpException: The system is unable to find the requested action "index.php". in /var/www/html/mbp/vendor/square1-io/yii-framework/web/CController.php:483
Stack trace:
#0 /var/www/html/mbp/vendor/square1-io/yii-framework/web/CController.php(270): CController->missingAction('index.php')
#1 /var/www/html/mbp/vendor/square1-io/yii-framework/web/CWebApplication.php(282): CController->run('index.php')
#2 /var/www/html/mbp/vendor/square1-io/yii-framework/web/CWebApplication.php(141): CWebApplication->runController('site/index.php')
#3 /var/www/html/mbp/vendor/square1-io/yii-framework/base/CApplication.php(180): CWebApplication->processRequest()
#4 /var/www/html/mbp/index.php(13): CApplication->run()
#5 {main}
REQUEST_URI=/mbp/index.php/site/index.php
---
2017/11/23 16:01:29 [error] [php] Undefined variable: form (/var/www/html/mbp/protected/views/site/login.php:58)
Stack trace:
#0 /var/www/html/mbp/vendor/square1-io/yii-framework/web/CController.php(869): SiteController->renderFile()
#1 /var/www/html/mbp/vendor/square1-io/yii-framework/web/CController.php(782): SiteController->renderPartial()
#2 /var/www/html/mbp/protected/controllers/SiteController.php(138): SiteController->render()
#3 /var/www/html/mbp/vendor/square1-io/yii-framework/web/actions/CInlineAction.php(49): SiteController->actionLogin()
#4 /var/www/html/mbp/vendor/square1-io/yii-framework/web/CController.php(308): CInlineAction->runWithParams()
#5 /var/www/html/mbp/vendor/square1-io/yii-framework/web/filters/CFilterChain.php(133): SiteController->runAction()
#6 /var/www/html/mbp/vendor/square1-io/yii-framework/web/CController.php(291): CFilterChain->run()
#7 /var/www/html/mbp/vendor/square1-io/yii-framework/web/CController.php(265): SiteController->runActionWithFilters()
#8 /var/www/html/mbp/vendor/square1-io/yii-framework/web/CWebApplication.php(282): SiteController->run()
#9 /var/www/html/mbp/vendor/square1-io/yii-framework/web/CWebApplication.php(141): CWebApplication->runController()
#10 /var/www/html/mbp/vendor/square1-io/yii-framework/base/CApplication.php(180): CWebApplication->processRequest()
#11 /var/www/html/mbp/index.php(13): CWebApplication->run()
REQUEST_URI=/mbp/index.php/site/login
in /var/www/html/mbp/protected/views/site/login.php (58)
in /var/www/html/mbp/protected/controllers/SiteController.php (138)
in /var/www/html/mbp/index.php (13)
2017/11/23 16:50:40 [error] [exception.CException] CException: Property "User.id_person" is not defined. in /var/www/html/mbp/vendor/square1-io/yii-framework/base/CComponent.php:130
Stack trace:
#0 /var/www/html/mbp/vendor/square1-io/yii-framework/db/ar/CActiveRecord.php(145): CComponent->__get('id_person')
#1 /var/www/html/mbp/protected/components/UserIdentity.php(34): CActiveRecord->__get('id_person')
#2 /var/www/html/mbp/protected/models/LoginForm.php(52): UserIdentity->authenticate()
#3 /var/www/html/mbp/vendor/square1-io/yii-framework/validators/CInlineValidator.php(42): LoginForm->authenticate('password', Array)
#4 /var/www/html/mbp/vendor/square1-io/yii-framework/validators/CValidator.php(213): CInlineValidator->validateAttribute(Object(LoginForm), 'password')
#5 /var/www/html/mbp/vendor/square1-io/yii-framework/base/CModel.php(159): CValidator->validate(Object(LoginForm), Array)
#6 /var/www/html/mbp/vendor/square1-io/yii-framework/web/widgets/CActiveForm.php(920): CModel->validate(NULL)
#7 /var/www/html/mbp/protected/controllers/SiteController.php(123): CActiveForm::validate(Array)
#8 /var/www/html/mbp/vendor/square1-io/yii-framework/web/actions/CInlineAction.php(49): SiteController->actionLogin()
#9 /var/www/html/mbp/vendor/square1-io/yii-framework/web/CController.php(308): CInlineAction->runWithParams(Array)
#10 /var/www/html/mbp/vendor/square1-io/yii-framework/web/filters/CFilterChain.php(133): CController->runAction(Object(CInlineAction))
#11 /var/www/html/mbp/vendor/square1-io/yii-framework/web/CController.php(291): CFilterChain->run()
#12 /var/www/html/mbp/vendor/square1-io/yii-framework/web/CController.php(265): CController->runActionWithFilters(Object(CInlineAction), Array)
#13 /var/www/html/mbp/vendor/square1-io/yii-framework/web/CWebApplication.php(282): CController->run('login')
#14 /var/www/html/mbp/vendor/square1-io/yii-framework/web/CWebApplication.php(141): CWebApplication->runController('site/login')
#15 /var/www/html/mbp/vendor/square1-io/yii-framework/base/CApplication.php(180): CWebApplication->processRequest()
#16 /var/www/html/mbp/index.php(13): CApplication->run()
#17 {main}
REQUEST_URI=/mbp/index.php/site/login
HTTP_REFERER=http://192.168.0.9/mbp/index.php/site/login
---
2017/11/23 16:51:37 [error] [php] include(Role.php): failed to open stream: No such file or directory (/var/www/html/mbp/vendor/square1-io/yii-framework/YiiBase.php:427)
Stack trace:
#0 /var/www/html/mbp/protected/components/UserIdentity.php(35): spl_autoload_call()
#1 /var/www/html/mbp/protected/models/LoginForm.php(52): UserIdentity->authenticate()
#2 /var/www/html/mbp/vendor/square1-io/yii-framework/validators/CInlineValidator.php(42): LoginForm->authenticate()
#3 /var/www/html/mbp/vendor/square1-io/yii-framework/validators/CValidator.php(213): CInlineValidator->validateAttribute()
#4 /var/www/html/mbp/vendor/square1-io/yii-framework/base/CModel.php(159): CInlineValidator->validate()
#5 /var/www/html/mbp/vendor/square1-io/yii-framework/web/widgets/CActiveForm.php(920): LoginForm->validate()
#6 /var/www/html/mbp/protected/controllers/SiteController.php(123): validate()
#7 /var/www/html/mbp/vendor/square1-io/yii-framework/web/actions/CInlineAction.php(49): SiteController->actionLogin()
#8 /var/www/html/mbp/vendor/square1-io/yii-framework/web/CController.php(308): CInlineAction->runWithParams()
#9 /var/www/html/mbp/vendor/square1-io/yii-framework/web/filters/CFilterChain.php(133): SiteController->runAction()
#10 /var/www/html/mbp/vendor/square1-io/yii-framework/web/CController.php(291): CFilterChain->run()
#11 /var/www/html/mbp/vendor/square1-io/yii-framework/web/CController.php(265): SiteController->runActionWithFilters()
#12 /var/www/html/mbp/vendor/square1-io/yii-framework/web/CWebApplication.php(282): SiteController->run()
#13 /var/www/html/mbp/vendor/square1-io/yii-framework/web/CWebApplication.php(141): CWebApplication->runController()
#14 /var/www/html/mbp/vendor/square1-io/yii-framework/base/CApplication.php(180): CWebApplication->processRequest()
#15 /var/www/html/mbp/index.php(13): CWebApplication->run()
REQUEST_URI=/mbp/index.php/site/login
in /var/www/html/mbp/protected/components/UserIdentity.php (35)
in /var/www/html/mbp/protected/models/LoginForm.php (52)
in /var/www/html/mbp/protected/controllers/SiteController.php (123)
